\BOOKMARK [1][-]{section.1}{Introduction}{}% 1
\BOOKMARK [1][-]{section.2}{Coordinates}{}% 2
\BOOKMARK [1][-]{section.3}{A polarized model for antennas}{}% 3
\BOOKMARK [1][-]{section.4}{Measuring the sky with polarization sensitive antennas}{}% 4
\BOOKMARK [2][-]{subsection.4.1}{Continuous case}{section.4}% 5
\BOOKMARK [2][-]{subsection.4.2}{Pixelated case}{section.4}% 6
\BOOKMARK [1][-]{section.5}{PISCO}{}% 7
\BOOKMARK [2][-]{subsection.5.1}{General description}{section.5}% 8
\BOOKMARK [2][-]{subsection.5.2}{Implementation using CUDA}{section.5}% 9
\BOOKMARK [2][-]{subsection.5.3}{Performance}{section.5}% 10
\BOOKMARK [3][-]{subsubsection.5.3.1}{Benchmark results}{subsection.5.3}% 11
\BOOKMARK [3][-]{subsubsection.5.3.2}{Discussion and future improvements}{subsection.5.3}% 12
\BOOKMARK [1][-]{section.6}{Code validation}{}% 13
\BOOKMARK [2][-]{subsection.6.1}{Point source observations}{section.6}% 14
\BOOKMARK [3][-]{subsubsection.6.1.1}{Results}{subsection.6.1}% 15
\BOOKMARK [2][-]{subsection.6.2}{Ideal CMB experiment}{section.6}% 16
\BOOKMARK [3][-]{subsubsection.6.2.1}{Description}{subsection.6.2}% 17
\BOOKMARK [3][-]{subsubsection.6.2.2}{Sky model}{subsection.6.2}% 18
\BOOKMARK [3][-]{subsubsection.6.2.3}{Scanning strategy and beam}{subsection.6.2}% 19
\BOOKMARK [3][-]{subsubsection.6.2.4}{Power spectra}{subsection.6.2}% 20
\BOOKMARK [3][-]{subsubsection.6.2.5}{Results}{subsection.6.2}% 21
\BOOKMARK [2][-]{subsection.6.3}{Ideal CMB experiment with imperfect pointing}{section.6}% 22
\BOOKMARK [1][-]{section.7}{A more realistic CMB experiment}{}% 23
\BOOKMARK [2][-]{subsection.7.1}{Description of the simulations}{section.7}% 24
\BOOKMARK [3][-]{subsubsection.7.1.1}{Sky model}{subsection.7.1}% 25
\BOOKMARK [3][-]{subsubsection.7.1.2}{Pointing}{subsection.7.1}% 26
\BOOKMARK [3][-]{subsubsection.7.1.3}{Beamsor model}{subsection.7.1}% 27
\BOOKMARK [3][-]{subsubsection.7.1.4}{Power spectra and beam transfer function}{subsection.7.1}% 28
\BOOKMARK [3][-]{subsubsection.7.1.5}{A unified metric for describing mismatch }{subsection.7.1}% 29
\BOOKMARK [2][-]{subsection.7.2}{Results and discussion}{section.7}% 30
\BOOKMARK [3][-]{subsubsection.7.2.1}{Matched pointing and beams}{subsection.7.2}% 31
\BOOKMARK [3][-]{subsubsection.7.2.2}{Pointing mismatch}{subsection.7.2}% 32
\BOOKMARK [3][-]{subsubsection.7.2.3}{Beam mismatch}{subsection.7.2}% 33
\BOOKMARK [3][-]{subsubsection.7.2.4}{Uneven intra-pixel coverage}{subsection.7.2}% 34
\BOOKMARK [1][-]{section.8}{Conclusions}{}% 35
\BOOKMARK [1][-]{appendix.A}{Computation of antenna basis coordinates and the co-polarization angle from sky coordinates}{}% 36
